[2020-03-14 21:06:36.634] [exthost] [info] extension host started
[2020-03-14 21:06:37.216] [exthost] [info] extension host started
[2020-03-14 21:06:37.274] [exthost] [info] ExtensionService#_doActivateExtension HookyQR.beautify {"startup":true,"activationEvent":"*"}
[2020-03-14 21:06:37.274] [exthost] [info] ExtensionService#loadCommonJSModule C:\Users\wkdan\.p2\pool\plugins\pack.core.win_3.6.0.201910290238\HookyQR.beautify-1.4.11\extension
[2020-03-14 21:06:39.373] [exthost] [info] ExtensionService#_doActivateExtension christian-kohler.path-intellisense {"startup":true,"activationEvent":"*"}
[2020-03-14 21:06:39.373] [exthost] [info] ExtensionService#loadCommonJSModule C:\Users\wkdan\.p2\pool\plugins\pack.core.win_3.6.0.201910290238\christian-kohler.path-intellisense-1.4.2\out\src\extension
[2020-03-14 21:06:39.558] [exthost] [info] ExtensionService#_doActivateExtension dbaeumer.vscode-eslint {"startup":true,"activationEvent":"*"}
[2020-03-14 21:06:39.558] [exthost] [info] ExtensionService#loadCommonJSModule C:\Users\wkdan\.p2\pool\plugins\pack.core.win_3.6.0.201910290238\dbaeumer.vscode-eslint-1.9.0\client\out\extension
[2020-03-14 21:06:39.756] [exthost] [info] ExtensionService#_doActivateExtension vscode.debug-auto-launch {"startup":true,"activationEvent":"*"}
[2020-03-14 21:06:39.756] [exthost] [info] ExtensionService#loadCommonJSModule c:\Users\wkdan\.p2\pool\plugins\com.genuitec.eclipse.code.engine.app.win32.x86_64_3.6.0.201910290238\engine\resources\app\extensions\debug-auto-launch\dist\extension
[2020-03-14 21:06:39.814] [exthost] [info] ExtensionService#_doActivateExtension vscode.emmet {"startup":true,"activationEvent":"*"}
[2020-03-14 21:06:39.814] [exthost] [info] ExtensionService#loadCommonJSModule c:\Users\wkdan\.p2\pool\plugins\com.genuitec.eclipse.code.engine.app.win32.x86_64_3.6.0.201910290238\engine\resources\app\extensions\emmet\dist\extension
[2020-03-14 21:06:39.921] [exthost] [info] ExtensionService#_doActivateExtension formulahendry.auto-close-tag {"startup":true,"activationEvent":"*"}
[2020-03-14 21:06:39.921] [exthost] [info] ExtensionService#loadCommonJSModule C:\Users\wkdan\.p2\pool\plugins\pack.core.win_3.6.0.201910290238\formulahendry.auto-close-tag-0.5.6\out\src\extension
[2020-03-14 21:06:39.940] [exthost] [info] ExtensionService#_doActivateExtension vscode.grunt {"startup":false,"activationEvent":"onCommand:workbench.action.tasks.runTask"}
[2020-03-14 21:06:39.940] [exthost] [info] ExtensionService#loadCommonJSModule c:\Users\wkdan\.p2\pool\plugins\com.genuitec.eclipse.code.engine.app.win32.x86_64_3.6.0.201910290238\engine\resources\app\extensions\grunt\dist\main
[2020-03-14 21:06:40.083] [exthost] [info] ExtensionService#_doActivateExtension vscode.gulp {"startup":false,"activationEvent":"onCommand:workbench.action.tasks.runTask"}
[2020-03-14 21:06:40.083] [exthost] [info] ExtensionService#loadCommonJSModule c:\Users\wkdan\.p2\pool\plugins\com.genuitec.eclipse.code.engine.app.win32.x86_64_3.6.0.201910290238\engine\resources\app\extensions\gulp\dist\main
[2020-03-14 21:06:40.134] [exthost] [info] ExtensionService#_doActivateExtension vscode.jake {"startup":false,"activationEvent":"onCommand:workbench.action.tasks.runTask"}
[2020-03-14 21:06:40.134] [exthost] [info] ExtensionService#loadCommonJSModule c:\Users\wkdan\.p2\pool\plugins\com.genuitec.eclipse.code.engine.app.win32.x86_64_3.6.0.201910290238\engine\resources\app\extensions\jake\dist\main
[2020-03-14 21:06:40.182] [exthost] [info] ExtensionService#_doActivateExtension vscode.npm {"startup":false,"activationEvent":"onCommand:workbench.action.tasks.runTask"}
[2020-03-14 21:06:40.182] [exthost] [info] ExtensionService#loadCommonJSModule c:\Users\wkdan\.p2\pool\plugins\com.genuitec.eclipse.code.engine.app.win32.x86_64_3.6.0.201910290238\engine\resources\app\extensions\npm\dist\main
[2020-03-14 21:06:40.369] [exthost] [info] ExtensionService#_doActivateExtension vscode.typescript-language-features {"startup":false,"activationEvent":"onCommand:workbench.action.tasks.runTask"}
[2020-03-14 21:06:40.369] [exthost] [info] ExtensionService#loadCommonJSModule c:\Users\wkdan\.p2\pool\plugins\com.genuitec.eclipse.code.engine.app.win32.x86_64_3.6.0.201910290238\engine\resources\app\extensions\typescript-language-features\dist\extension
[2020-03-14 21:06:41.028] [exthost] [info] eager extensions activated
