2020-02-13 09:20:03,951 [Worker-9: Loading available Gradle versions] INFO  o.e.b.c.i.u.g.PublishedGradleVersions - Gradle version information cache is up-to-date. Trying to read.
2020-02-13 09:33:17,713 [Worker-20: Publishing to Tomcat v9.0 Server at localhost...] INFO  j.exodus.env.EnvironmentImpl - Exodus environment created: C:\network\.metadata\com.genuitec.eclipse.webclipse.livepreview\0\store
2020-02-14 14:00:55,679 [Worker-4: Loading available Gradle versions] INFO  o.e.b.c.i.u.g.PublishedGradleVersions - Gradle version information cache is out-of-date. Trying to update.
2020-02-17 09:17:19,699 [Worker-2: Loading available Gradle versions] INFO  o.e.b.c.i.u.g.PublishedGradleVersions - Gradle version information cache is up-to-date. Trying to read.
2020-02-19 09:32:02,544 [Worker-1: Loading available Gradle versions] INFO  o.e.b.c.i.u.g.PublishedGradleVersions - Gradle version information cache is up-to-date. Trying to read.
2020-02-19 09:56:08,549 [Worker-4: Loading available Gradle versions] INFO  o.e.b.c.i.u.g.PublishedGradleVersions - Gradle version information cache is up-to-date. Trying to read.
2020-02-19 10:02:26,536 [Worker-14: Loading available Gradle versions] INFO  o.e.b.c.i.u.g.PublishedGradleVersions - Gradle version information cache is up-to-date. Trying to read.
2020-02-24 11:19:49,923 [main] INFO  j.exodus.env.EnvironmentImpl - Exodus environment created: C:\network\.metadata\com.genuitec.eclipse.webclipse.livepreview\0\store
2020-02-24 11:20:36,886 [main] INFO  j.exodus.env.EnvironmentImpl - Exodus environment created: C:\network\.metadata\com.genuitec.eclipse.webclipse.livepreview\1\store
2020-02-24 22:08:31,793 [Worker-6: Loading available Gradle versions] INFO  o.e.b.c.i.u.g.PublishedGradleVersions - Gradle version information cache is up-to-date. Trying to read.
2020-02-24 22:10:13,434 [Worker-19: Updating status for Tomcat v9.0 Server at localhost...] INFO  j.exodus.env.EnvironmentImpl - Exodus environment created: C:\network\.metadata\com.genuitec.eclipse.webclipse.livepreview\0\store
2020-02-25 10:54:48,839 [Worker-2: Loading available Gradle versions] INFO  o.e.b.c.i.u.g.PublishedGradleVersions - Gradle version information cache is up-to-date. Trying to read.
2020-02-25 10:57:21,099 [Worker-10: Publishing to Tomcat v9.0 Server at localhost...] INFO  j.exodus.env.EnvironmentImpl - Exodus environment created: C:\network\.metadata\com.genuitec.eclipse.webclipse.livepreview\0\store
2020-03-09 09:39:11,909 [Worker-2: Loading available Gradle versions] INFO  o.e.b.c.i.u.g.PublishedGradleVersions - Gradle version information cache is up-to-date. Trying to read.
2020-03-09 09:39:19,899 [Worker-8: Updating status for Tomcat v9.0 Server at localhost...] INFO  j.exodus.env.EnvironmentImpl - Exodus environment created: C:\network\.metadata\com.genuitec.eclipse.webclipse.livepreview\0\store
2020-03-10 17:14:09,075 [Worker-4: Loading available Gradle versions] INFO  o.e.b.c.i.u.g.PublishedGradleVersions - Gradle version information cache is up-to-date. Trying to read.
2020-03-10 20:07:36,611 [Worker-2: Loading available Gradle versions] INFO  o.e.b.c.i.u.g.PublishedGradleVersions - Gradle version information cache is up-to-date. Trying to read.
2020-03-13 14:23:25,979 [Worker-4: Loading available Gradle versions] INFO  o.e.b.c.i.u.g.PublishedGradleVersions - Gradle version information cache is out-of-date. Trying to update.
2020-03-15 17:04:47,706 [Worker-5: Loading available Gradle versions] INFO  o.e.b.c.i.u.g.PublishedGradleVersions - Gradle version information cache is up-to-date. Trying to read.
2020-03-18 13:37:33,302 [Worker-5: Loading available Gradle versions] INFO  o.e.b.c.i.u.g.PublishedGradleVersions - Gradle version information cache is up-to-date. Trying to read.
